<?xml version="1.0" encoding="UTF-8" ?>
<testsuite failures="0" time="0.005" errors="0" skipped="0" tests="3" name="sk.upjs.ics.kalkulacka.KalkulackaTest">
  <properties>
    <property name="java.runtime.name" value="Java(TM) SE Runtime Environment"/>
    <property name="sun.boot.library.path" value="C:\java\jdk7\jre\bin"/>
    <property name="java.vm.version" value="24.65-b04"/>
    <property name="user.country.format" value="SK"/>
    <property name="java.vm.vendor" value="Oracle Corporation"/>
    <property name="maven.multiModuleProjectDirectory" value="c:\Temp\kalkulacka"/>
    <property name="java.vendor.url" value="http://java.oracle.com/"/>
    <property name="path.separator" value=";"/>
    <property name="guice.disable.misplaced.annotation.check" value="true"/>
    <property name="java.vm.name" value="Java HotSpot(TM) 64-Bit Server VM"/>
    <property name="file.encoding.pkg" value="sun.io"/>
    <property name="user.script" value=""/>
    <property name="user.country" value="US"/>
    <property name="sun.java.launcher" value="SUN_STANDARD"/>
    <property name="sun.os.patch.level" value=""/>
    <property name="java.vm.specification.name" value="Java Virtual Machine Specification"/>
    <property name="user.dir" value="c:\Temp\kalkulacka"/>
    <property name="java.runtime.version" value="1.7.0_67-b01"/>
    <property name="java.awt.graphicsenv" value="sun.awt.Win32GraphicsEnvironment"/>
    <property name="java.endorsed.dirs" value="C:\java\jdk7\jre\lib\endorsed"/>
    <property name="os.arch" value="amd64"/>
    <property name="java.io.tmpdir" value="C:\Users\rn\AppData\Local\Temp\"/>
    <property name="line.separator" value="
"/>
    <property name="java.vm.specification.vendor" value="Oracle Corporation"/>
    <property name="user.variant" value=""/>
    <property name="os.name" value="Windows 8.1"/>
    <property name="classworlds.conf" value="C:\java\maven\bin\m2.conf"/>
    <property name="sun.jnu.encoding" value="Cp1250"/>
    <property name="java.library.path" value="C:\java\jdk7\bin;C:\WINDOWS\Sun\Java\bin;C:\WINDOWS\system32;C:\WINDOWS;C:\ProgramData\Oracle\Java\javapath;C:\bin;C:\PROGRAM FILES (X86)\HASKELL\BIN;C:\PROGRAMS\HASKELL\LIB\EXTRALIBS\BIN;C:\PROGRAMS\HASKELL\BIN;C:\PROGRAM FILES (X86)\COMMON FILES\INTEL\SHARED FILES\CPP\BIN\INTEL64;C:\WINDOWS\SYSTEM32;C:\WINDOWS;C:\WINDOWS\SYSTEM32\WBEM;C:\WINDOWS\SYSTEM32\WINDOWSPOWERSHELL\V1.0\;C:\JAVA\JDK7\BIN;C:\JAVA\MAVEN\BIN;C:\PROGRAM FILES (X86)\WINDOWS LIVE\SHARED;C:\PROGRAMS\CURL;C:\JAVA\GRADLE;C:\PROGRAM FILES\MYSQL\MYSQL SERVER 5.5\BIN;C:\PROGRAM FILES\SLIKSVN\BIN;C:\PROGRAM FILES (X86)\MIKTEX 2.9\MIKTEX\BIN\;C:\WINDOWS\SYSTEM32;C:\WINDOWS;C:\WINDOWS\SYSTEM32\WBEM;C:\WINDOWS\SYSTEM32\WINDOWSPOWERSHELL\V1.0\;C:\PROGRAMS\PYTHON;C:\PROGRAM FILES (X86)\INTEL\OPENCL SDK\2.0\BIN\X86;C:\PROGRAM FILES (X86)\INTEL\OPENCL SDK\2.0\BIN\X64;C:\PROGRAMS\SCALA\\BIN;C:\PROGRAMS\HASKELL\MINGW\BIN;C:\PROGRAMS\PHP;C:\PROGRAMDATA\COMPOSERSETUP\BIN;C:\JAVA\LOGSTASH\BIN;C:\JAVA\ELASTICSEARCH\BIN;C:\PROGRAMS\VAGRANT\BIN;C:\PROGRAM FILES\CALIBRE2\;C:\PROGRAM FILES (X86)\INTEL\SERVICES\IPT\;C:\PROGRAM FILES\INTEL\WIFI\BIN\;C:\PROGRAM FILES\COMMON FILES\INTEL\WIRELESSCOMMON\;C:\Programs\nodejs\;c:\Programs\Python\Scripts;C:\Program Files\OpenVPN\bin;C:\Program Files (x86)\eID klient\;C:\WINDOWS\system32\wbem;C:\Program Files (x86)\IVT Corporation\BlueSoleil\Mobile;C:\Program Files\WIDCOMM\Bluetooth Software\;C:\Program Files\WIDCOMM\Bluetooth Software\syswow64;C:\Program Files (x86)\Skype\Phone\;C:\Program Files\MIT\Kerberos\bin;C:\Users\rn\AppData\Roaming\cabal\bin;C:\Users\rn\AppData\Local\Pandoc\;C:\Program Files\Intel\WiFi\bin\;C:\Program Files\Common Files\Intel\WirelessCommon\;C:\Users\rn\AppData\Roaming\npm;C:\Program Files (x86)\CVSNT\;."/>
    <property name="java.specification.name" value="Java Platform API Specification"/>
    <property name="java.class.version" value="51.0"/>
    <property name="sun.management.compiler" value="HotSpot 64-Bit Tiered Compilers"/>
    <property name="os.version" value="6.3"/>
    <property name="user.home" value="C:\Users\rn"/>
    <property name="user.timezone" value="Europe/Prague"/>
    <property name="java.awt.printerjob" value="sun.awt.windows.WPrinterJob"/>
    <property name="java.specification.version" value="1.7"/>
    <property name="file.encoding" value="Cp1250"/>
    <property name="user.name" value="rn"/>
    <property name="java.class.path" value="C:\java\maven\boot\plexus-classworlds-2.5.2.jar"/>
    <property name="java.vm.specification.version" value="1.7"/>
    <property name="sun.arch.data.model" value="64"/>
    <property name="java.home" value="C:\java\jdk7\jre"/>
    <property name="sun.java.command" value="org.codehaus.plexus.classworlds.launcher.Launcher package"/>
    <property name="java.specification.vendor" value="Oracle Corporation"/>
    <property name="user.language" value="en"/>
    <property name="user.language.format" value="sk"/>
    <property name="awt.toolkit" value="sun.awt.windows.WToolkit"/>
    <property name="java.vm.info" value="mixed mode"/>
    <property name="java.version" value="1.7.0_67"/>
    <property name="java.ext.dirs" value="C:\java\jdk7\jre\lib\ext;C:\WINDOWS\Sun\Java\lib\ext"/>
    <property name="sun.boot.class.path" value="C:\java\jdk7\jre\lib\resources.jar;C:\java\jdk7\jre\lib\rt.jar;C:\java\jdk7\jre\lib\sunrsasign.jar;C:\java\jdk7\jre\lib\jsse.jar;C:\java\jdk7\jre\lib\jce.jar;C:\java\jdk7\jre\lib\charsets.jar;C:\java\jdk7\jre\lib\jfr.jar;C:\java\jdk7\jre\classes"/>
    <property name="java.vendor" value="Oracle Corporation"/>
    <property name="maven.home" value="C:\java\maven"/>
    <property name="file.separator" value="\"/>
    <property name="java.vendor.url.bug" value="http://bugreport.sun.com/bugreport/"/>
    <property name="sun.cpu.endian" value="little"/>
    <property name="sun.io.unicode.encoding" value="UnicodeLittle"/>
    <property name="sun.desktop" value="windows"/>
    <property name="sun.cpu.isalist" value="amd64"/>
  </properties>
  <testcase time="0.003" classname="sk.upjs.ics.kalkulacka.KalkulackaTest" name="testDelenieNulou"/>
  <testcase time="0.002" classname="sk.upjs.ics.kalkulacka.KalkulackaTest" name="testScitanie"/>
  <testcase time="0" classname="sk.upjs.ics.kalkulacka.KalkulackaTest" name="testDelenie"/>
</testsuite>